#-----------------------------------------------------------
# Vivado v2021.2 (64-bit)
# SW Build 3367213 on Tue Oct 19 02:48:09 MDT 2021
# IP Build 3369179 on Thu Oct 21 08:25:16 MDT 2021
# Start of session at: Wed Dec 20 02:20:57 2023
# Process ID: 32580
# Current directory: C:/Users/sam/fpga/Lab_Final_team8/Lab_Final_PS_PL/Lab_Final_PS_PL/lab_final
# Command line: vivado.exe -gui_launcher_event rodinguilauncherevent13008 C:\Users\sam\fpga\Lab_Final_team8\Lab_Final_PS_PL\Lab_Final_PS_PL\lab_final\lab_final.xpr
# Log file: C:/Users/sam/fpga/Lab_Final_team8/Lab_Final_PS_PL/Lab_Final_PS_PL/lab_final/vivado.log
# Journal file: C:/Users/sam/fpga/Lab_Final_team8/Lab_Final_PS_PL/Lab_Final_PS_PL/lab_final\vivado.jou
# Running On: DESKTOP-I1JLICU, OS: Windows, CPU Frequency: 3600 MHz, CPU Physical cores: 8, Host memory: 17111 MB
#-----------------------------------------------------------
start_gui
open_project C:/Users/sam/fpga/Lab_Final_team8/Lab_Final_PS_PL/Lab_Final_PS_PL/lab_final/lab_final.xpr
WARNING: [Board 49-26] cannot add Board Part xilinx.com:vck190_es:part0:1.3 available at D:/Xilinx/Vivado/2021.2/data/xhub/boards/XilinxBoardStore/boards/Xilinx/vck190/es/1.3/board.xml as part xcvc1902-vsva2197-2mp-e-s-es1 specified in board_part file is either invalid or not available
WARNING: [Board 49-26] cannot add Board Part xilinx.com:vmk180_es:part0:1.3 available at D:/Xilinx/Vivado/2021.2/data/xhub/boards/XilinxBoardStore/boards/Xilinx/vmk180/es/1.3/board.xml as part xcvm1802-vsva2197-2mp-e-s-es1 specified in board_part file is either invalid or not available
WARNING: [Board 49-26] cannot add Board Part xilinx.com:vpk120_es:part0:1.2 available at D:/Xilinx/Vivado/2021.2/data/xhub/boards/XilinxBoardStore/boards/Xilinx/vpk120/es/1.2/board.xml as part xcvp1202-vsva2785-2mp-e-s-es1 specified in board_part file is either invalid or not available
WARNING: [Board 49-26] cannot add Board Part xilinx.com:zcu208ld:part0:2.0 available at D:/Xilinx/Vivado/2021.2/data/xhub/boards/XilinxBoardStore/boards/Xilinx/zcu208ld/production/2.0/board.xml as part xczu58dr-fsvg1517-2-i specified in board_part file is either invalid or not available
WARNING: [Board 49-26] cannot add Board Part xilinx.com:zcu208ld_es:part0:1.0 available at D:/Xilinx/Vivado/2021.2/data/xhub/boards/XilinxBoardStore/boards/Xilinx/zcu208ld/es/1.0/board.xml as part xczu58dr-fsvg1517-2-i-es1 specified in board_part file is either invalid or not available
WARNING: [Board 49-26] cannot add Board Part xilinx.com:zcu216ld:part0:2.0 available at D:/Xilinx/Vivado/2021.2/data/xhub/boards/XilinxBoardStore/boards/Xilinx/zcu216ld/production/2.0/board.xml as part xczu59dr-ffvf1760-2-i specified in board_part file is either invalid or not available
WARNING: [Board 49-26] cannot add Board Part xilinx.com:zcu216ld_es:part0:1.0 available at D:/Xilinx/Vivado/2021.2/data/xhub/boards/XilinxBoardStore/boards/Xilinx/zcu216ld/es/1.0/board.xml as part xczu59dr-ffvf1760-2-i-es1 specified in board_part file is either invalid or not available
WARNING: [Board 49-26] cannot add Board Part xilinx.com:zcu670:part0:1.0 available at D:/Xilinx/Vivado/2021.2/data/xhub/boards/XilinxBoardStore/boards/Xilinx/zcu670/1.0/board.xml as part xczu67dr-fsve1156-2-i specified in board_part file is either invalid or not available
INFO: [Project 1-313] Project file moved from 'C:/Users/sam/fpga/Lab_Final_PS_PL/lab_final' since last save.
WARNING: [BD 41-2576] File 'c:/Users/sam/fpga/Lab_Final_team8/Lab_Final_PS_PL/Lab_Final_PS_PL/lab_final/lab_final.gen/sources_1/bd/Lab_final_bd/hw_handoff/Lab_final_bd.hwh' referenced by design 'Lab_final_bd' could not be found.
WARNING: [BD 41-2576] File 'c:/Users/sam/fpga/Lab_Final_team8/Lab_Final_PS_PL/Lab_Final_PS_PL/lab_final/lab_final.gen/sources_1/bd/NN_bd/hw_handoff/NN_bd.hwh' referenced by design 'NN_bd' could not be found.
Scanning sources...
Finished scanning sources
WARNING: [Project 1-509] GeneratedRun file for 'synth_1' not found
WARNING: [Project 1-509] GeneratedRun file for 'NN_bd_blk_mem_gen_0_0_synth_1' not found
WARNING: [Project 1-509] GeneratedRun file for 'NN_bd_blk_mem_gen_1_0_synth_1' not found
WARNING: [Project 1-509] GeneratedRun file for 'NN_bd_blk_mem_gen_2_0_synth_1' not found
WARNING: [Project 1-509] GeneratedRun file for 'NN_bd_blk_mem_gen_0_1_synth_1' not found
WARNING: [Project 1-509] GeneratedRun file for 'Lab_final_bd_rst_ps7_0_50M_0_synth_1' not found
WARNING: [Project 1-509] GeneratedRun file for 'Lab_final_bd_xbar_1_synth_1' not found
WARNING: [Project 1-509] GeneratedRun file for 'Lab_final_bd_processing_system7_0_0_synth_1' not found
WARNING: [Project 1-509] GeneratedRun file for 'Lab_final_bd_axi_dma_0_0_synth_1' not found
WARNING: [Project 1-509] GeneratedRun file for 'Lab_final_bd_xbar_0_synth_1' not found
WARNING: [Project 1-509] GeneratedRun file for 'Lab_final_bd_NN_Top_0_3_synth_1' not found
WARNING: [Project 1-509] GeneratedRun file for 'impl_1' not found
INFO: [IP_Flow 19-234] Refreshing IP repositories
INFO: [IP_Flow 19-1704] No user IP repositories specified
INFO: [IP_Flow 19-2313] Loaded Vivado IP repository 'D:/Xilinx/Vivado/2021.2/data/ip'.
open_project: Time (s): cpu = 00:00:18 ; elapsed = 00:00:10 . Memory (MB): peak = 1567.043 ; gain = 0.000
update_compile_order -fileset sources_1
exit
INFO: [Common 17-206] Exiting Vivado at Wed Dec 20 02:23:48 2023...
